0 info it worked if it ends with ok
1 verbose cli [ '/Users/verchol/.nvm/v6.5.0/bin/node',
1 verbose cli   '/Users/verchol/.nvm/v6.5.0/bin/npm',
1 verbose cli   'i',
1 verbose cli   './registry_micro/registry' ]
2 info using npm@3.10.3
3 info using node@v6.5.0
4 silly loadCurrentTree Starting
5 silly install loadCurrentTree
6 silly install readLocalPackageData
7 silly fetchPackageMetaData ./registry_micro/registry
8 silly fetchOtherPackageData ./registry_micro/registry
9 silly cache add args [ './registry_micro/registry', null ]
10 verbose cache add spec ./registry_micro/registry
11 silly cache add parsed spec Result {
11 silly cache add   raw: './registry_micro/registry',
11 silly cache add   scope: null,
11 silly cache add   escapedName: null,
11 silly cache add   name: null,
11 silly cache add   rawSpec: './registry_micro/registry',
11 silly cache add   spec: '/Users/verchol/dev/mainProduct/blogs/blog-microservices-part4/registry_micro/registry',
11 silly cache add   type: 'local' }
12 error addLocal Could not install /Users/verchol/dev/mainProduct/blogs/blog-microservices-part4/registry_micro/registry
13 silly fetchPackageMetaData Error: ENOENT: no such file or directory, open '/Users/verchol/dev/mainProduct/blogs/blog-microservices-part4/registry_micro/registry'
13 silly fetchPackageMetaData     at Error (native)
13 silly fetchPackageMetaData  error for ./registry_micro/registry { Error: ENOENT: no such file or directory, open '/Users/verchol/dev/mainProduct/blogs/blog-microservices-part4/registry_micro/registry'
13 silly fetchPackageMetaData     at Error (native)
13 silly fetchPackageMetaData   errno: -2,
13 silly fetchPackageMetaData   code: 'ENOENT',
13 silly fetchPackageMetaData   syscall: 'open',
13 silly fetchPackageMetaData   path: '/Users/verchol/dev/mainProduct/blogs/blog-microservices-part4/registry_micro/registry' }
14 silly rollbackFailedOptional Starting
15 silly rollbackFailedOptional Finishing
16 silly runTopLevelLifecycles Starting
17 silly runTopLevelLifecycles Finishing
18 silly install printInstalled
19 verbose stack Error: ENOENT: no such file or directory, open '/Users/verchol/dev/mainProduct/blogs/blog-microservices-part4/registry_micro/registry'
19 verbose stack     at Error (native)
20 verbose cwd /Users/verchol/dev/mainProduct/blogs/blog-microservices-part4
21 error Darwin 13.4.0
22 error argv "/Users/verchol/.nvm/v6.5.0/bin/node" "/Users/verchol/.nvm/v6.5.0/bin/npm" "i" "./registry_micro/registry"
23 error node v6.5.0
24 error npm  v3.10.3
25 error path /Users/verchol/dev/mainProduct/blogs/blog-microservices-part4/registry_micro/registry
26 error code ENOENT
27 error errno -2
28 error syscall open
29 error enoent ENOENT: no such file or directory, open '/Users/verchol/dev/mainProduct/blogs/blog-microservices-part4/registry_micro/registry'
30 error enoent ENOENT: no such file or directory, open '/Users/verchol/dev/mainProduct/blogs/blog-microservices-part4/registry_micro/registry'
30 error enoent This is most likely not a problem with npm itself
30 error enoent and is related to npm not being able to find a file.
31 verbose exit [ -2, true ]
