0 info it worked if it ends with ok
1 verbose cli [ '/Users/verchol/.nvm/v6.5.0/bin/node',
1 verbose cli   '/Users/verchol/.nvm/v6.5.0/bin/npm',
1 verbose cli   'i',
1 verbose cli   './registry_micro/logger.js' ]
2 info using npm@3.10.3
3 info using node@v6.5.0
4 silly loadCurrentTree Starting
5 silly install loadCurrentTree
6 silly install readLocalPackageData
7 silly fetchPackageMetaData ./registry_micro/logger.js
8 silly fetchOtherPackageData ./registry_micro/logger.js
9 silly cache add args [ './registry_micro/logger.js', null ]
10 verbose cache add spec ./registry_micro/logger.js
11 silly cache add parsed spec Result {
11 silly cache add   raw: './registry_micro/logger.js',
11 silly cache add   scope: null,
11 silly cache add   escapedName: null,
11 silly cache add   name: null,
11 silly cache add   rawSpec: './registry_micro/logger.js',
11 silly cache add   spec: '/Users/verchol/dev/mainProduct/blogs/blog-microservices-part4/tickets/registry_micro/logger.js',
11 silly cache add   type: 'local' }
12 silly addLocalTarball shasum (computed) 0844c711ed8f82ad08b4d02e6537c7495b32f755
13 verbose addTmpTarball /Users/verchol/dev/mainProduct/blogs/blog-microservices-part4/tickets/registry_micro/logger.js not in flight; adding
14 verbose correctMkdir /Users/verchol/.npm correctMkdir not in flight; initializing
15 verbose addTmpTarball validating metadata from /Users/verchol/dev/mainProduct/blogs/blog-microservices-part4/tickets/registry_micro/logger.js
16 verbose tar unpack /Users/verchol/dev/mainProduct/blogs/blog-microservices-part4/tickets/registry_micro/logger.js
17 verbose tar unpacking to /var/folders/rl/_db5gdmn4ybcwhpcp2bwjvsh0000gn/T/npm-76111-44f66061/unpack-1fa1a7f9
18 silly gentlyRm /var/folders/rl/_db5gdmn4ybcwhpcp2bwjvsh0000gn/T/npm-76111-44f66061/unpack-1fa1a7f9 is being purged
19 verbose gentlyRm don't care about contents; nuking /var/folders/rl/_db5gdmn4ybcwhpcp2bwjvsh0000gn/T/npm-76111-44f66061/unpack-1fa1a7f9
20 silly gunzTarPerm modes [ '755', '644' ]
21 error not a package /Users/verchol/dev/mainProduct/blogs/blog-microservices-part4/tickets/registry_micro/logger.js
22 error addLocal Could not install /Users/verchol/dev/mainProduct/blogs/blog-microservices-part4/tickets/registry_micro/logger.js
23 silly fetchPackageMetaData Error: ENOENT: no such file or directory, open '/var/folders/rl/_db5gdmn4ybcwhpcp2bwjvsh0000gn/T/npm-76111-44f66061/unpack-1fa1a7f9/package.json'
23 silly fetchPackageMetaData     at Error (native)
23 silly fetchPackageMetaData  error for ./registry_micro/logger.js { Error: ENOENT: no such file or directory, open '/var/folders/rl/_db5gdmn4ybcwhpcp2bwjvsh0000gn/T/npm-76111-44f66061/unpack-1fa1a7f9/package.json'
23 silly fetchPackageMetaData     at Error (native)
23 silly fetchPackageMetaData   errno: -2,
23 silly fetchPackageMetaData   code: 'ENOENT',
23 silly fetchPackageMetaData   syscall: 'open',
23 silly fetchPackageMetaData   path: '/var/folders/rl/_db5gdmn4ybcwhpcp2bwjvsh0000gn/T/npm-76111-44f66061/unpack-1fa1a7f9/package.json' }
24 silly rollbackFailedOptional Starting
25 silly rollbackFailedOptional Finishing
26 silly runTopLevelLifecycles Starting
27 silly runTopLevelLifecycles Finishing
28 silly install printInstalled
29 verbose stack Error: ENOENT: no such file or directory, open '/var/folders/rl/_db5gdmn4ybcwhpcp2bwjvsh0000gn/T/npm-76111-44f66061/unpack-1fa1a7f9/package.json'
29 verbose stack     at Error (native)
30 verbose cwd /Users/verchol/dev/mainProduct/blogs/blog-microservices-part4/tickets
31 error Darwin 13.4.0
32 error argv "/Users/verchol/.nvm/v6.5.0/bin/node" "/Users/verchol/.nvm/v6.5.0/bin/npm" "i" "./registry_micro/logger.js"
33 error node v6.5.0
34 error npm  v3.10.3
35 error path /var/folders/rl/_db5gdmn4ybcwhpcp2bwjvsh0000gn/T/npm-76111-44f66061/unpack-1fa1a7f9/package.json
36 error code ENOENT
37 error errno -2
38 error syscall open
39 error enoent ENOENT: no such file or directory, open '/var/folders/rl/_db5gdmn4ybcwhpcp2bwjvsh0000gn/T/npm-76111-44f66061/unpack-1fa1a7f9/package.json'
40 error enoent ENOENT: no such file or directory, open '/var/folders/rl/_db5gdmn4ybcwhpcp2bwjvsh0000gn/T/npm-76111-44f66061/unpack-1fa1a7f9/package.json'
40 error enoent This is most likely not a problem with npm itself
40 error enoent and is related to npm not being able to find a file.
41 verbose exit [ -2, true ]
